
2020-12-01 04:35:07 +0000 - INFO: [dab1fef2-41c7-4f99-bf7b-eb8cc26954ed] method=GET path=/b/ format=html controller=MainController action=index status=200 duration=919.72 view=704.15 db=123.20 host=greenlight 
2020-12-01 04:35:12 +0000 - INFO: [0689d8cd-e69d-4a12-85da-01f7002f6b82] method=GET path=/b/signin format=html controller=SessionsController action=signin status=200 duration=103.86 view=35.07 db=1.60 host=greenlight 
2020-12-01 04:35:15 +0000 - INFO: [372de63a-35fc-4de4-af6d-9aac4f7ab4da] Support: lendle.tseng.archive@gmail.com is attempting to login. 
2020-12-01 04:35:15 +0000 - INFO: [372de63a-35fc-4de4-af6d-9aac4f7ab4da] method=POST path=/b/u/login format=html controller=SessionsController action=create status=302 duration=26.76 view=0.00 db=4.70 location=http://localhost:5000/b/signin host=greenlight 
2020-12-01 04:35:15 +0000 - INFO: [559c6ee1-8a46-4573-a393-d16d9cf57479] method=GET path=/b/signin format=html controller=SessionsController action=signin status=200 duration=38.17 view=27.68 db=1.35 host=greenlight 
2020-12-01 04:35:17 +0000 - INFO: [a449ae6a-9911-4e3f-9157-bf269ad01493] method=GET path=/b/signup format=html controller=SessionsController action=new status=200 duration=223.18 view=41.48 db=100.12 host=greenlight 
2020-12-01 04:35:20 +0000 - INFO: [c32e5053-4f3c-4d96-8e0d-a2f411282e03] method=GET path=/b/signin format=html controller=SessionsController action=signin status=200 duration=67.42 view=46.22 db=2.51 host=greenlight 
2020-12-01 04:35:22 +0000 - INFO: [a296a42f-d690-4f25-887d-122917064846] Support: lendle.tseng.archive@gmail.com is attempting to login. 
2020-12-01 04:35:22 +0000 - INFO: [a296a42f-d690-4f25-887d-122917064846] method=POST path=/b/u/login format=html controller=SessionsController action=create status=302 duration=13.11 view=0.00 db=2.24 location=http://localhost:5000/b/signin host=greenlight 
2020-12-01 04:35:22 +0000 - INFO: [0dd92517-bf48-4b52-a21a-b2c1e58d182c] method=GET path=/b/signin format=html controller=SessionsController action=signin status=200 duration=23.20 view=16.18 db=1.19 host=greenlight 
2020-12-01 04:35:26 +0000 - INFO: [7d03ffdb-08e9-45d1-9af2-599de348e5e2] Support: lendle.tseng.archive@gmail.com is attempting to login. 
2020-12-01 04:35:26 +0000 - INFO: [7d03ffdb-08e9-45d1-9af2-599de348e5e2] method=POST path=/b/u/login format=html controller=SessionsController action=create status=302 duration=15.90 view=0.00 db=3.88 location=http://localhost:5000/b/signin host=greenlight 
2020-12-01 04:35:26 +0000 - INFO: [cd9234be-ac2d-4ea7-8cc7-d430db19ee02] method=GET path=/b/signin format=html controller=SessionsController action=signin status=200 duration=30.98 view=19.01 db=1.21 host=greenlight 
2020-12-01 04:35:30 +0000 - INFO: [fd3d151a-fc79-49a3-ab30-7c47daa9d61f] Support: lendle.tseng.archive@gmail.com is attempting to login. 
2020-12-01 04:35:30 +0000 - INFO: [fd3d151a-fc79-49a3-ab30-7c47daa9d61f] method=POST path=/b/u/login format=html controller=SessionsController action=create status=302 duration=19.40 view=0.00 db=2.99 location=http://localhost:5000/b/signin host=greenlight 
2020-12-01 04:35:30 +0000 - INFO: [5c1c378d-d75c-4b5d-b1ac-8d5f46ae9c54] method=GET path=/b/signin format=html controller=SessionsController action=signin status=200 duration=22.44 view=16.23 db=1.01 host=greenlight 
2020-12-01 04:35:32 +0000 - INFO: [71a295a2-46a8-413b-aa8c-efac6dc9629e] method=GET path=/b/signup format=html controller=SessionsController action=new status=200 duration=73.23 view=50.79 db=3.96 host=greenlight 
2020-12-01 04:35:38 +0000 - ERROR: [99829104-06d8-4fd5-9bd5-e60323eb3bc4] Support: lendle_tseng@seed.net.tw creation failed: User params are not valid. 
2020-12-01 04:35:38 +0000 - INFO: [99829104-06d8-4fd5-9bd5-e60323eb3bc4] method=POST path=/b/signup format=html controller=UsersController action=create status=200 duration=323.43 view=21.33 db=3.53 host=greenlight 
2020-12-01 04:35:45 +0000 - INFO: [71500381-1bd9-4867-a86a-eda242912b6f] Support: lendle_tseng@seed.net.tw user has been created. 
2020-12-01 04:35:45 +0000 - INFO: [71500381-1bd9-4867-a86a-eda242912b6f] Support: lendle_tseng@seed.net.tw has successfully logged in. 
2020-12-01 04:35:45 +0000 - INFO: [71500381-1bd9-4867-a86a-eda242912b6f] method=POST path=/b/signup format=html controller=UsersController action=create status=302 duration=598.08 view=0.00 db=78.09 location=http://localhost:5000/b/signin/ host=greenlight 
2020-12-01 04:35:45 +0000 - INFO: [bca12df9-d10a-4567-b597-1d8006664be0] method=GET path=/b/signin format=html controller=SessionsController action=signin status=302 duration=10.30 view=0.00 db=2.07 location=http://localhost:5000/b/len-k46-joh-alo host=greenlight 
2020-12-01 04:35:48 +0000 - ERROR: [c60b6f1f-5b86-45db-8869-01e5de168c1b] BigBlueButtonException: Connection error. Your URL is probably incorrect: "https://bbb.imsofa.rocks/bigbluebutton/api". Error: SSL_connect returned=1 errno=0 state=SSLv3 read server certificate B: certificate verify failed (self signed certificate) 
2020-12-01 04:35:48 +0000 - INFO: [c60b6f1f-5b86-45db-8869-01e5de168c1b] method=GET path=/b/len-k46-joh-alo format=html controller=RoomsController action=show status=200 duration=2907.63 view=86.55 db=52.64 host=greenlight 
2020-12-01 04:36:15 +0000 - ERROR: [c66ac08d-3e25-458b-adcb-0092f1c63cbb] BigBlueButtonException: Impossible to convert XML to hash. Error: Missing end tag for 'hr' (got 'body')
Line: 6
Position: 167
Last 80 unconsumed characters:
 
2020-12-01 04:36:15 +0000 - INFO: [c66ac08d-3e25-458b-adcb-0092f1c63cbb] method=GET path=/b/len-k46-joh-alo format=html controller=RoomsController action=show status=200 duration=280.51 view=22.87 db=4.94 host=greenlight 
2020-12-01 04:36:19 +0000 - ERROR: [079e7de7-bae6-4eb5-8649-53392634abb8] BigBlueButtonException: Impossible to convert XML to hash. Error: Missing end tag for 'hr' (got 'body')
Line: 6
Position: 167
Last 80 unconsumed characters:
 
2020-12-01 04:36:19 +0000 - INFO: [079e7de7-bae6-4eb5-8649-53392634abb8] method=GET path=/b/len-k46-joh-alo format=html controller=RoomsController action=show status=200 duration=132.42 view=15.28 db=6.66 host=greenlight 
2020-12-01 04:36:20 +0000 - ERROR: [19ac8936-ea24-4893-9ddb-823d71ebe450] BigBlueButtonException: Impossible to convert XML to hash. Error: Missing end tag for 'hr' (got 'body')
Line: 6
Position: 167
Last 80 unconsumed characters:
 
2020-12-01 04:36:20 +0000 - INFO: [19ac8936-ea24-4893-9ddb-823d71ebe450] method=GET path=/b/len-k46-joh-alo format=html controller=RoomsController action=show status=200 duration=141.69 view=37.63 db=3.93 host=greenlight 
2020-12-01 04:36:21 +0000 - ERROR: [d4403f4a-afd8-43c7-8a80-d9420bf7d593] BigBlueButtonException: Impossible to convert XML to hash. Error: Missing end tag for 'hr' (got 'body')
Line: 6
Position: 167
Last 80 unconsumed characters:
 
2020-12-01 04:36:21 +0000 - INFO: [d4403f4a-afd8-43c7-8a80-d9420bf7d593] method=GET path=/b/len-k46-joh-alo format=html controller=RoomsController action=show status=200 duration=90.38 view=31.40 db=8.32 host=greenlight 
2020-12-01 04:39:26 +0000 - INFO: [6d0533c8-7944-4d1b-9efe-0ad92514595e] method=GET path=/b/ format=html controller=MainController action=index status=302 duration=11.30 view=0.00 db=1.94 location=http://localhost:5000/b/len-k46-joh-alo host=greenlight 
2020-12-01 04:39:26 +0000 - ERROR: [472e8135-0c35-4b2d-8b90-3aff460e38fd] BigBlueButtonException: Impossible to convert XML to hash. Error: Missing end tag for 'hr' (got 'body')
Line: 6
Position: 167
Last 80 unconsumed characters:
 
2020-12-01 04:39:26 +0000 - INFO: [472e8135-0c35-4b2d-8b90-3aff460e38fd] method=GET path=/b/len-k46-joh-alo format=html controller=RoomsController action=show status=200 duration=113.59 view=25.07 db=2.98 host=greenlight 
2020-12-01 04:45:03 +0000 - INFO: [e9b29e4b-1402-46e1-9711-2d07829edf17] method=GET path=/b/ format=html controller=MainController action=index status=302 duration=184.20 view=0.00 db=27.89 location=http://localhost:5000/b/len-k46-joh-alo host=greenlight 
2020-12-01 04:45:05 +0000 - INFO: [7c4da8ee-692e-4e5c-98d8-c56e52223a3c] method=GET path=/b/len-k46-joh-alo format=html controller=RoomsController action=show status=200 duration=2102.07 view=568.61 db=320.51 host=greenlight 
2020-12-01 04:46:08 +0000 - INFO: [42c5e05e-7bb9-4ef3-9bd1-0344ed00ab3f] method=GET path=/b/len-k46-joh-alo format=html controller=RoomsController action=show status=200 duration=97.40 view=25.76 db=9.68 host=greenlight 
2020-12-01 04:57:18 +0000 - INFO: [a0748817-3720-4234-b020-aa5e5aa28027] method=GET path=/b/len-k46-joh-alo format=html controller=RoomsController action=show status=200 duration=1677.25 view=542.83 db=35.91 host=greenlight 
2020-12-01 04:57:20 +0000 - INFO: [b07b8f70-5c8a-495b-8383-dd5cc0a10e77] Support: lendle_tseng@seed.net.tw is starting room len-k46-joh-alo 
2020-12-01 04:57:21 +0000 - INFO: [b07b8f70-5c8a-495b-8383-dd5cc0a10e77] [ActiveJob] Enqueued NotifyUserWaitingJob (Job ID: 55e4bb14-e66a-43f9-9b69-7478ff6f2a5f) to Async(default) at 2020-12-01 04:57:26 UTC with arguments: #<GlobalID:0x000055df48a82ff0 @uri=#<URI::GID gid://greenlight/Room/1>> 
2020-12-01 04:57:21 +0000 - INFO: [b07b8f70-5c8a-495b-8383-dd5cc0a10e77] method=POST path=/b/len-k46-joh-alo/start format=html controller=RoomsController action=start status=302 duration=1284.88 view=0.00 db=53.35 location=https://bbb.imsofa.rocks/bigbluebutton/api/join host=greenlight 
2020-12-01 04:57:26 +0000 - INFO: [ActiveJob] [NotifyUserWaitingJob] [55e4bb14-e66a-43f9-9b69-7478ff6f2a5f] Performing NotifyUserWaitingJob (Job ID: 55e4bb14-e66a-43f9-9b69-7478ff6f2a5f) from Async(default) with arguments: #<GlobalID:0x000055df48a4f4c0 @uri=#<URI::GID gid://greenlight/Room/1>> 
2020-12-01 04:57:26 +0000 - INFO: [ActiveJob] [NotifyUserWaitingJob] [55e4bb14-e66a-43f9-9b69-7478ff6f2a5f] Performed NotifyUserWaitingJob (Job ID: 55e4bb14-e66a-43f9-9b69-7478ff6f2a5f) from Async(default) in 17.88ms 
2020-12-01 05:15:51 +0000 - INFO: [f2af9db7-c2de-4a03-9c6a-165179c658d1] method=GET path=/b/ format=html controller=MainController action=index status=302 duration=182.48 view=0.00 db=24.27 location=http://localhost:5000/b/len-k46-joh-alo host=greenlight 
2020-12-01 05:15:53 +0000 - INFO: [e9fca3ca-e308-4ebb-9bdc-e9a32de42916] method=GET path=/b/len-k46-joh-alo format=html controller=RoomsController action=show status=200 duration=1435.14 view=494.88 db=9.53 host=greenlight 
2020-12-01 05:15:59 +0000 - INFO: [521bad64-0cfd-464a-9f9d-235c65ca374f] Support: lendle_tseng@seed.net.tw is starting room len-k46-joh-alo 
2020-12-01 05:16:00 +0000 - INFO: [521bad64-0cfd-464a-9f9d-235c65ca374f] [ActiveJob] Enqueued NotifyUserWaitingJob (Job ID: be2eda08-95f1-424c-82ce-a32ded284357) to Async(default) at 2020-12-01 05:16:05 UTC with arguments: #<GlobalID:0x00005631ed4dd8c8 @uri=#<URI::GID gid://greenlight/Room/1>> 
2020-12-01 05:16:00 +0000 - INFO: [521bad64-0cfd-464a-9f9d-235c65ca374f] method=POST path=/b/len-k46-joh-alo/start format=html controller=RoomsController action=start status=302 duration=1061.48 view=0.00 db=17.80 location=https://bbb.imsofa.rocks/bigbluebutton/api/join host=greenlight 
2020-12-01 05:16:05 +0000 - INFO: [ActiveJob] [NotifyUserWaitingJob] [be2eda08-95f1-424c-82ce-a32ded284357] Performing NotifyUserWaitingJob (Job ID: be2eda08-95f1-424c-82ce-a32ded284357) from Async(default) with arguments: #<GlobalID:0x00005631ed44b540 @uri=#<URI::GID gid://greenlight/Room/1>> 
2020-12-01 05:16:05 +0000 - INFO: [ActiveJob] [NotifyUserWaitingJob] [be2eda08-95f1-424c-82ce-a32ded284357] Performed NotifyUserWaitingJob (Job ID: be2eda08-95f1-424c-82ce-a32ded284357) from Async(default) in 4.93ms 
2020-12-01 05:20:29 +0000 - INFO: [b9e1fed4-2dac-4933-82e1-6cceb983e3d7] method=GET path=/b/ format=html controller=MainController action=index status=302 duration=183.43 view=0.00 db=26.97 location=http://localhost:5000/b/len-k46-joh-alo host=greenlight 
2020-12-01 05:20:30 +0000 - INFO: [15cea5e8-1b0a-43f6-adb3-272a6d2900cc] method=GET path=/b/len-k46-joh-alo format=html controller=RoomsController action=show status=200 duration=1618.71 view=525.07 db=15.89 host=greenlight 
2020-12-01 05:20:33 +0000 - INFO: [c109e1d8-cf4d-4c3b-91aa-0f7b6fb8dac4] Support: lendle_tseng@seed.net.tw is starting room len-k46-joh-alo 
2020-12-01 05:20:34 +0000 - INFO: [c109e1d8-cf4d-4c3b-91aa-0f7b6fb8dac4] [ActiveJob] Enqueued NotifyUserWaitingJob (Job ID: bd7bf103-432c-49e8-9aea-f416e82d8543) to Async(default) at 2020-12-01 05:20:39 UTC with arguments: #<GlobalID:0x0000561848e21b00 @uri=#<URI::GID gid://greenlight/Room/1>> 
2020-12-01 05:20:34 +0000 - INFO: [c109e1d8-cf4d-4c3b-91aa-0f7b6fb8dac4] method=POST path=/b/len-k46-joh-alo/start format=html controller=RoomsController action=start status=302 duration=1041.23 view=0.00 db=27.79 location=https://bbb.imsofa.rocks/bigbluebutton/api/join host=greenlight 
2020-12-01 05:20:39 +0000 - INFO: [ActiveJob] [NotifyUserWaitingJob] [bd7bf103-432c-49e8-9aea-f416e82d8543] Performing NotifyUserWaitingJob (Job ID: bd7bf103-432c-49e8-9aea-f416e82d8543) from Async(default) with arguments: #<GlobalID:0x0000561848e35b28 @uri=#<URI::GID gid://greenlight/Room/1>> 
2020-12-01 05:20:39 +0000 - INFO: [ActiveJob] [NotifyUserWaitingJob] [bd7bf103-432c-49e8-9aea-f416e82d8543] Performed NotifyUserWaitingJob (Job ID: bd7bf103-432c-49e8-9aea-f416e82d8543) from Async(default) in 2.44ms 
2020-12-01 05:30:17 +0000 - INFO: [c5f1343a-9152-420f-be9b-9e0a66f2b3a3] method=GET path=/b/ format=html controller=MainController action=index status=302 duration=143.66 view=0.00 db=26.69 location=http://localhost:5000/b/len-k46-joh-alo host=greenlight 
2020-12-01 05:30:20 +0000 - ERROR: [461a0fd9-f2ea-49a2-a524-1a71a0231a3b] BigBlueButtonException: Connection error. Your URL is probably incorrect: "https://bbb.imsofa.rocks/bigbluebutton/api". Error: SSL_connect returned=1 errno=0 state=SSLv3 read server certificate B: certificate verify failed (self signed certificate) 
2020-12-01 05:30:20 +0000 - INFO: [461a0fd9-f2ea-49a2-a524-1a71a0231a3b] method=GET path=/b/len-k46-joh-alo format=html controller=RoomsController action=show status=200 duration=3017.66 view=476.38 db=4.11 host=greenlight 
2020-12-01 05:30:42 +0000 - ERROR: [0d26e7c7-8a8b-46a8-a216-6bd606763358] BigBlueButtonException: Impossible to convert XML to hash. Error: Missing end tag for 'hr' (got 'body')
Line: 6
Position: 167
Last 80 unconsumed characters:
 
2020-12-01 05:30:42 +0000 - INFO: [0d26e7c7-8a8b-46a8-a216-6bd606763358] method=GET path=/b/len-k46-joh-alo format=html controller=RoomsController action=show status=200 duration=289.04 view=34.18 db=6.34 host=greenlight 
2020-12-01 05:30:44 +0000 - ERROR: [5dd0ad42-9dee-4f46-9184-4456ec309e57] BigBlueButtonException: Impossible to convert XML to hash. Error: Missing end tag for 'hr' (got 'body')
Line: 6
Position: 167
Last 80 unconsumed characters:
 
2020-12-01 05:30:44 +0000 - INFO: [5dd0ad42-9dee-4f46-9184-4456ec309e57] method=GET path=/b/len-k46-joh-alo format=html controller=RoomsController action=show status=200 duration=65.88 view=21.24 db=6.85 host=greenlight 
2020-12-01 05:30:45 +0000 - ERROR: [d99bf094-46c7-43eb-b26b-229b4763f5e6] BigBlueButtonException: Impossible to convert XML to hash. Error: Missing end tag for 'hr' (got 'body')
Line: 6
Position: 167
Last 80 unconsumed characters:
 
2020-12-01 05:30:45 +0000 - INFO: [d99bf094-46c7-43eb-b26b-229b4763f5e6] method=GET path=/b/len-k46-joh-alo format=html controller=RoomsController action=show status=200 duration=50.11 view=17.04 db=3.84 host=greenlight 
2020-12-01 05:30:45 +0000 - ERROR: [0f7d88af-c8bc-4763-8fd9-85a3c79d41ab] BigBlueButtonException: Impossible to convert XML to hash. Error: Missing end tag for 'hr' (got 'body')
Line: 6
Position: 167
Last 80 unconsumed characters:
 
2020-12-01 05:30:45 +0000 - INFO: [0f7d88af-c8bc-4763-8fd9-85a3c79d41ab] method=GET path=/b/len-k46-joh-alo format=html controller=RoomsController action=show status=200 duration=45.55 view=15.06 db=3.72 host=greenlight 
2020-12-01 05:30:50 +0000 - INFO: [5fedb06c-a297-487d-9d17-eb7a0dcd946a] method=GET path=/b/ format=html controller=MainController action=index status=302 duration=8.69 view=0.00 db=1.39 location=http://localhost:5000/b/len-k46-joh-alo host=greenlight 
2020-12-01 05:30:50 +0000 - ERROR: [90775743-6cd6-4120-9aa2-2d9dcdec2c26] BigBlueButtonException: Impossible to convert XML to hash. Error: Missing end tag for 'hr' (got 'body')
Line: 6
Position: 167
Last 80 unconsumed characters:
 
2020-12-01 05:30:50 +0000 - INFO: [90775743-6cd6-4120-9aa2-2d9dcdec2c26] method=GET path=/b/len-k46-joh-alo format=html controller=RoomsController action=show status=200 duration=39.00 view=15.02 db=2.72 host=greenlight 
2020-12-01 05:30:53 +0000 - ERROR: [b5ba25f6-ff3b-4aa0-9484-d942f47e8342] BigBlueButtonException: Impossible to convert XML to hash. Error: Missing end tag for 'hr' (got 'body')
Line: 6
Position: 167
Last 80 unconsumed characters:
 
2020-12-01 05:30:53 +0000 - INFO: [b5ba25f6-ff3b-4aa0-9484-d942f47e8342] method=GET path=/b/len-k46-joh-alo format=html controller=RoomsController action=show status=200 duration=141.17 view=24.15 db=6.57 host=greenlight 
2020-12-01 05:36:04 +0000 - INFO: [3835f4bc-1129-4767-abac-ed8d759f9fcb] method=POST path=/b/u/logout format=html controller=SessionsController action=destroy status=302 duration=131.99 view=0.00 db=26.92 location=http://localhost:5000/b/ host=greenlight 
2020-12-01 05:36:04 +0000 - INFO: [ab887206-51f0-4f0b-95ab-4f2ce9af360c] method=GET path=/b/ format=html controller=MainController action=index status=200 duration=608.57 view=587.74 db=1.41 host=greenlight 
2020-12-01 05:36:07 +0000 - INFO: [b361d307-cfe9-4e32-b5eb-41812e818659] method=GET path=/b/signin format=html controller=SessionsController action=signin status=200 duration=39.22 view=25.37 db=2.05 host=greenlight 
2020-12-01 05:36:12 +0000 - INFO: [d00858c9-7c30-4565-8c43-4e31ca7d893c] Support: lendle.tseng.archive@gmail.com is attempting to login. 
2020-12-01 05:36:12 +0000 - INFO: [d00858c9-7c30-4565-8c43-4e31ca7d893c] method=POST path=/b/u/login format=html controller=SessionsController action=create status=302 duration=13.58 view=0.00 db=2.15 location=http://localhost:5000/b/signin host=greenlight 
2020-12-01 05:36:12 +0000 - INFO: [6a65bcba-bbe6-42c0-a2ea-be9ff296e974] method=GET path=/b/signin format=html controller=SessionsController action=signin status=200 duration=23.01 view=16.83 db=1.05 host=greenlight 
2020-12-01 05:36:17 +0000 - INFO: [a33556c2-599d-4b32-84e5-4c203d3588a3] Support: lendle.tseng.archive@gmail.com is attempting to login. 
2020-12-01 05:36:17 +0000 - INFO: [a33556c2-599d-4b32-84e5-4c203d3588a3] method=POST path=/b/u/login format=html controller=SessionsController action=create status=302 duration=14.92 view=0.00 db=2.63 location=http://localhost:5000/b/signin host=greenlight 
2020-12-01 05:36:17 +0000 - INFO: [6353f224-240d-4222-9642-65d9764784de] method=GET path=/b/signin format=html controller=SessionsController action=signin status=200 duration=24.46 view=16.65 db=0.94 host=greenlight 
2020-12-01 05:36:19 +0000 - INFO: [f253e3ff-acdc-48b3-9921-e1a25443196a] method=GET path=/b/signup format=html controller=SessionsController action=new status=200 duration=37.91 view=18.64 db=1.90 host=greenlight 
2020-12-01 05:36:24 +0000 - INFO: [c9bf4064-2fa6-444e-a80b-93cf57d3e3ba] method=GET path=/b/signin format=html controller=SessionsController action=signin status=200 duration=27.04 view=17.24 db=1.55 host=greenlight 
2020-12-01 05:36:31 +0000 - INFO: [a600d878-31a9-4d06-8829-2490692821d2] Support: lendle_tseng@seed.net.tw is attempting to login. 
2020-12-01 05:36:32 +0000 - INFO: [a600d878-31a9-4d06-8829-2490692821d2] Support: lendle_tseng@seed.net.tw has successfully logged in. 
2020-12-01 05:36:32 +0000 - INFO: [a600d878-31a9-4d06-8829-2490692821d2] method=POST path=/b/u/login format=html controller=SessionsController action=create status=302 duration=300.97 view=0.00 db=3.09 location=http://localhost:5000/b/signup/ host=greenlight 
2020-12-01 05:36:32 +0000 - INFO: [5b511ca4-6d44-4050-b1ae-97e685645a4a] method=GET path=/b/signup format=html controller=SessionsController action=new status=302 duration=11.15 view=0.00 db=2.95 location=http://localhost:5000/b/len-k46-joh-alo host=greenlight 
2020-12-01 05:36:34 +0000 - ERROR: [a887d5b7-f689-4e5d-a768-8e6d7d4994bd] BigBlueButtonException: Impossible to convert XML to hash. Error: Missing end tag for 'hr' (got 'body')
Line: 6
Position: 167
Last 80 unconsumed characters:
 
2020-12-01 05:36:34 +0000 - INFO: [a887d5b7-f689-4e5d-a768-8e6d7d4994bd] method=GET path=/b/len-k46-joh-alo format=html controller=RoomsController action=show status=200 duration=2581.19 view=37.45 db=3.76 host=greenlight 
2020-12-01 05:40:16 +0000 - INFO: [8e0fc7f4-d4e2-4064-8968-db8acacfa294] method=GET path=/b/len-k46-joh-alo format=html controller=RoomsController action=show status=200 duration=1106.83 view=48.81 db=17.25 host=greenlight 
2020-12-01 05:40:47 +0000 - INFO: [60b78eab-1f9a-45ea-b522-ed6d0dd24c87] Support: lendle_tseng@seed.net.tw is starting room len-k46-joh-alo 
2020-12-01 05:40:48 +0000 - INFO: [60b78eab-1f9a-45ea-b522-ed6d0dd24c87] [ActiveJob] Enqueued NotifyUserWaitingJob (Job ID: fe1445a2-f118-4ba1-ac55-b05a0c43f9fe) to Async(default) at 2020-12-01 05:40:53 UTC with arguments: #<GlobalID:0x00005610aca498f0 @uri=#<URI::GID gid://greenlight/Room/1>> 
2020-12-01 05:40:48 +0000 - INFO: [60b78eab-1f9a-45ea-b522-ed6d0dd24c87] method=POST path=/b/len-k46-joh-alo/start format=html controller=RoomsController action=start status=302 duration=1097.28 view=0.00 db=32.80 location=https://bbb.imsofa.rocks/bigbluebutton/api/join host=greenlight 
2020-12-01 05:40:53 +0000 - INFO: [ActiveJob] [NotifyUserWaitingJob] [fe1445a2-f118-4ba1-ac55-b05a0c43f9fe] Performing NotifyUserWaitingJob (Job ID: fe1445a2-f118-4ba1-ac55-b05a0c43f9fe) from Async(default) with arguments: #<GlobalID:0x00005610aca2eca8 @uri=#<URI::GID gid://greenlight/Room/1>> 
2020-12-01 05:40:53 +0000 - INFO: [ActiveJob] [NotifyUserWaitingJob] [fe1445a2-f118-4ba1-ac55-b05a0c43f9fe] Performed NotifyUserWaitingJob (Job ID: fe1445a2-f118-4ba1-ac55-b05a0c43f9fe) from Async(default) in 3.22ms 
2020-12-02 07:24:54 +0000 - INFO: [3cbbda5b-8380-4b78-bbea-0ccc01042ac1] method=GET path=/b/ format=html controller=MainController action=index status=302 duration=172.61 view=0.00 db=25.93 location=http://localhost:5000/b/len-k46-joh-alo host=greenlight 
2020-12-02 07:24:54 +0000 - ERROR: [7113d76e-a2a4-4adf-8ab1-8b4265139fd0] BigBlueButtonException: Connection error. Your URL is probably incorrect: "https://bbb.imsofa.rocks/bigbluebutton/api". Error: Failed to open TCP connection to bbb.imsofa.rocks:443 (Connection refused - connect(2) for "bbb.imsofa.rocks" port 443) 
2020-12-02 07:24:54 +0000 - INFO: [7113d76e-a2a4-4adf-8ab1-8b4265139fd0] method=GET path=/b/len-k46-joh-alo format=html controller=RoomsController action=show status=200 duration=523.11 view=495.91 db=3.35 host=greenlight 
2020-12-02 07:29:24 +0000 - ERROR: [5d152466-1f7a-4300-9969-1ec65e0ae87a] BigBlueButtonException: Connection error. Your URL is probably incorrect: "https://bbb.imsofa.rocks/bigbluebutton/api". Error: SSL_connect returned=1 errno=0 state=SSLv3 read server certificate B: certificate verify failed (self signed certificate) 
2020-12-02 07:29:24 +0000 - INFO: [5d152466-1f7a-4300-9969-1ec65e0ae87a] method=GET path=/b/len-k46-joh-alo format=html controller=RoomsController action=show status=200 duration=696.61 view=492.50 db=27.36 host=greenlight 
2020-12-02 07:29:30 +0000 - ERROR: [95744eda-28f5-4213-bb21-2eb2b27be722] BigBlueButtonException: Connection error. Your URL is probably incorrect: "https://bbb.imsofa.rocks/bigbluebutton/api". Error: SSL_connect returned=1 errno=0 state=SSLv3 read server certificate B: certificate verify failed (self signed certificate) 
2020-12-02 07:29:30 +0000 - INFO: [95744eda-28f5-4213-bb21-2eb2b27be722] method=GET path=/b/len-k46-joh-alo format=html controller=RoomsController action=show status=200 duration=54.57 view=17.14 db=6.75 host=greenlight 
2020-12-02 07:29:34 +0000 - INFO: [d9f6c2cb-bc59-47b4-a38d-ce2450687a0d] method=POST path=/b/u/logout format=html controller=SessionsController action=destroy status=302 duration=27.61 view=0.00 db=5.68 location=http://localhost:5000/b/ host=greenlight 
2020-12-02 07:29:34 +0000 - INFO: [b7c6674c-c74f-443e-9389-7862958bfe5b] method=GET path=/b/ format=html controller=MainController action=index status=200 duration=31.21 view=18.53 db=1.77 host=greenlight 
2020-12-02 07:29:36 +0000 - INFO: [0f53ccdb-0677-4be6-acaa-a002e822606d] method=GET path=/b/signin format=html controller=SessionsController action=signin status=200 duration=75.45 view=51.95 db=2.84 host=greenlight 
2020-12-02 07:29:47 +0000 - INFO: [c42623cc-ea14-4ff0-b166-9573e328572a] Support: lendle_tseng@seed.net.tw is attempting to login. 
2020-12-02 07:29:47 +0000 - INFO: [c42623cc-ea14-4ff0-b166-9573e328572a] method=POST path=/b/u/login format=html controller=SessionsController action=create status=302 duration=302.02 view=0.00 db=3.52 location=http://localhost:5000/b/signin host=greenlight 
2020-12-02 07:29:47 +0000 - INFO: [9bdb6579-cb22-4796-95d6-82e93f817b64] method=GET path=/b/signin format=html controller=SessionsController action=signin status=200 duration=28.53 view=17.29 db=1.37 host=greenlight 
2020-12-02 07:29:57 +0000 - INFO: [3c3aca38-c2c0-4a59-a818-bb266efd852e] Support: lendle_tseng@seed.net.tw is attempting to login. 
2020-12-02 07:29:58 +0000 - INFO: [3c3aca38-c2c0-4a59-a818-bb266efd852e] Support: lendle_tseng@seed.net.tw has successfully logged in. 
2020-12-02 07:29:58 +0000 - INFO: [3c3aca38-c2c0-4a59-a818-bb266efd852e] method=POST path=/b/u/login format=html controller=SessionsController action=create status=302 duration=306.67 view=0.00 db=4.66 location=http://localhost:5000/b/len-k46-joh-alo host=greenlight 
2020-12-02 07:29:58 +0000 - ERROR: [e074d2d6-a5c4-4d41-a305-f4424d8f6513] BigBlueButtonException: Connection error. Your URL is probably incorrect: "https://bbb.imsofa.rocks/bigbluebutton/api". Error: SSL_connect returned=1 errno=0 state=SSLv3 read server certificate B: certificate verify failed (self signed certificate) 
2020-12-02 07:29:58 +0000 - INFO: [e074d2d6-a5c4-4d41-a305-f4424d8f6513] method=GET path=/b/len-k46-joh-alo format=html controller=RoomsController action=show status=200 duration=40.92 view=15.52 db=3.88 host=greenlight 
2020-12-02 07:30:22 +0000 - INFO: [017c0d62-a7a0-40d7-918a-5296c61f079d] method=GET path=/b/len-k46-joh-alo format=html controller=RoomsController action=show status=200 duration=955.58 view=46.35 db=16.36 host=greenlight 
2020-12-02 07:30:26 +0000 - INFO: [408a9334-eb61-49d0-8da4-089affacb892] method=POST path=/b/u/logout format=html controller=SessionsController action=destroy status=302 duration=22.98 view=0.00 db=4.98 location=http://localhost:5000/b/ host=greenlight 
2020-12-02 07:30:26 +0000 - INFO: [5ff23002-52db-4716-8518-bbb05bd7b23a] method=GET path=/b/ format=html controller=MainController action=index status=200 duration=27.24 view=14.94 db=1.15 host=greenlight 
2020-12-02 07:30:28 +0000 - INFO: [c91279d0-7e1c-4910-a993-2790a7157a1c] method=GET path=/b/signin format=html controller=SessionsController action=signin status=200 duration=70.53 view=49.42 db=2.68 host=greenlight 
2020-12-02 07:30:36 +0000 - INFO: [18d06ed0-de36-4f5e-a91f-f967a534df7a] Support: lendle_tseng@seed.net.tw is attempting to login. 
2020-12-02 07:30:36 +0000 - INFO: [18d06ed0-de36-4f5e-a91f-f967a534df7a] Support: lendle_tseng@seed.net.tw has successfully logged in. 
2020-12-02 07:30:36 +0000 - INFO: [18d06ed0-de36-4f5e-a91f-f967a534df7a] method=POST path=/b/u/login format=html controller=SessionsController action=create status=302 duration=303.38 view=0.00 db=2.96 location=http://localhost:5000/b/len-k46-joh-alo host=greenlight 
2020-12-02 07:30:36 +0000 - INFO: [f49bc2e6-7055-4f8d-bbf3-772d70a83b21] method=GET path=/b/len-k46-joh-alo format=html controller=RoomsController action=show status=200 duration=89.11 view=27.49 db=6.75 host=greenlight 
2020-12-02 07:30:38 +0000 - INFO: [e0db0200-2905-4fdb-9a19-ed3d0f75facb] Support: lendle_tseng@seed.net.tw is starting room len-k46-joh-alo 
2020-12-02 07:30:39 +0000 - INFO: [e0db0200-2905-4fdb-9a19-ed3d0f75facb] [ActiveJob] Enqueued NotifyUserWaitingJob (Job ID: 3797ee7b-5a8c-4664-b75d-a5252cb5002c) to Async(default) at 2020-12-02 07:30:44 UTC with arguments: #<GlobalID:0x000055ed2dbd3038 @uri=#<URI::GID gid://greenlight/Room/1>> 
2020-12-02 07:30:39 +0000 - INFO: [e0db0200-2905-4fdb-9a19-ed3d0f75facb] method=POST path=/b/len-k46-joh-alo/start format=html controller=RoomsController action=start status=302 duration=1207.47 view=0.00 db=216.04 location=https://bbb.imsofa.rocks/bigbluebutton/api/join host=greenlight 
2020-12-02 07:30:44 +0000 - INFO: [ActiveJob] [NotifyUserWaitingJob] [3797ee7b-5a8c-4664-b75d-a5252cb5002c] Performing NotifyUserWaitingJob (Job ID: 3797ee7b-5a8c-4664-b75d-a5252cb5002c) from Async(default) with arguments: #<GlobalID:0x000055ed2db25618 @uri=#<URI::GID gid://greenlight/Room/1>> 
2020-12-02 07:30:44 +0000 - INFO: [ActiveJob] [NotifyUserWaitingJob] [3797ee7b-5a8c-4664-b75d-a5252cb5002c] Performed NotifyUserWaitingJob (Job ID: 3797ee7b-5a8c-4664-b75d-a5252cb5002c) from Async(default) in 7.79ms 
INFO: [bd9118b3-717e-4e44-b7a0-d5227f7ea2f4] method=GET path=/b/ format=html controller=MainController action=index status=302 duration=115.10 view=0.00 db=25.56 location=http://localhost:5000/b/len-k46-joh-alo host=greenlight 
ERROR: [7960ff82-2400-412f-9ab7-078ae6d31234] BigBlueButtonException: Impossible to convert XML to hash. Error: Missing end tag for 'hr' (got 'body')
Line: 6
Position: 167
Last 80 unconsumed characters:
 
INFO: [7960ff82-2400-412f-9ab7-078ae6d31234] method=GET path=/b/len-k46-joh-alo format=html controller=RoomsController action=show status=200 duration=677.12 view=484.74 db=3.15 host=greenlight 
ERROR: [9806d4ac-68e1-49b0-8bac-15fd07234cb6] BigBlueButtonException: Impossible to convert XML to hash. Error: Missing end tag for 'hr' (got 'body')
Line: 6
Position: 167
Last 80 unconsumed characters:
 
INFO: [9806d4ac-68e1-49b0-8bac-15fd07234cb6] method=GET path=/b/len-k46-joh-alo format=html controller=RoomsController action=show status=200 duration=72.89 view=23.42 db=6.98 host=greenlight 
INFO: [ccd12864-df01-41b6-b856-3d73abf64216] method=GET path=/b/len-k46-joh-alo format=html controller=RoomsController action=show status=200 duration=1232.62 view=92.15 db=34.01 host=greenlight 
INFO: [a87f5a74-3f82-4278-81b6-0e8d392d01aa] Support: lendle_tseng@seed.net.tw is starting room len-k46-joh-alo 
INFO: [a87f5a74-3f82-4278-81b6-0e8d392d01aa] [ActiveJob] Enqueued NotifyUserWaitingJob (Job ID: 22b7c23e-c7bc-469b-9463-22969038f9f7) to Async(default) at 2020-12-02 07:38:26 UTC with arguments: #<GlobalID:0x000055fe26e136e0 @uri=#<URI::GID gid://greenlight/Room/1>> 
INFO: [a87f5a74-3f82-4278-81b6-0e8d392d01aa] method=POST path=/b/len-k46-joh-alo/start format=html controller=RoomsController action=start status=302 duration=1085.09 view=0.00 db=25.86 location=https://bbb.imsofa.rocks/bigbluebutton/api/join host=greenlight 
INFO: [ActiveJob] [NotifyUserWaitingJob] [22b7c23e-c7bc-469b-9463-22969038f9f7] Performing NotifyUserWaitingJob (Job ID: 22b7c23e-c7bc-469b-9463-22969038f9f7) from Async(default) with arguments: #<GlobalID:0x000055fe26db3f38 @uri=#<URI::GID gid://greenlight/Room/1>> 
INFO: [ActiveJob] [NotifyUserWaitingJob] [22b7c23e-c7bc-469b-9463-22969038f9f7] Performed NotifyUserWaitingJob (Job ID: 22b7c23e-c7bc-469b-9463-22969038f9f7) from Async(default) in 2.91ms 
INFO: [c5a166f3-6113-4ba8-975a-aea540baa180] method=GET path=/b/ format=html controller=MainController action=index status=302 duration=154.74 view=0.00 db=24.98 location=http://localhost:5000/b/len-k46-joh-alo host=greenlight 
ERROR: [0848b45b-20b8-46be-9e65-f0bd34388a3b] BigBlueButtonException: Connection error. Your URL is probably incorrect: "https://bbb.imsofa.rocks/bigbluebutton/api". Error: Failed to open TCP connection to bbb.imsofa.rocks:443 (Connection refused - connect(2) for "bbb.imsofa.rocks" port 443) 
INFO: [0848b45b-20b8-46be-9e65-f0bd34388a3b] method=GET path=/b/len-k46-joh-alo format=html controller=RoomsController action=show status=200 duration=241.53 view=67.72 db=3.42 host=greenlight 
ERROR: [b67e620d-581f-4687-9506-3fac79ed74fc] BigBlueButtonException: Connection error. Your URL is probably incorrect: "https://bbb.imsofa.rocks/bigbluebutton/api". Error: Failed to open TCP connection to bbb.imsofa.rocks:443 (Connection refused - connect(2) for "bbb.imsofa.rocks" port 443) 
INFO: [b67e620d-581f-4687-9506-3fac79ed74fc] method=GET path=/b/len-k46-joh-alo format=html controller=RoomsController action=show status=200 duration=107.76 view=16.58 db=3.34 host=greenlight 
ERROR: [664aae16-3173-49f1-a14c-8f98387d172f] BigBlueButtonException: Impossible to convert XML to hash. Error: Missing end tag for 'hr' (got 'body')
Line: 6
Position: 167
Last 80 unconsumed characters:
 
INFO: [664aae16-3173-49f1-a14c-8f98387d172f] method=GET path=/b/len-k46-joh-alo format=html controller=RoomsController action=show status=200 duration=153.18 view=42.14 db=8.38 host=greenlight 
ERROR: [dc7bf175-2851-4898-a0f6-33f9269aca4e] BigBlueButtonException: Impossible to convert XML to hash. Error: Missing end tag for 'hr' (got 'body')
Line: 6
Position: 167
Last 80 unconsumed characters:
 
INFO: [dc7bf175-2851-4898-a0f6-33f9269aca4e] method=GET path=/b/len-k46-joh-alo format=html controller=RoomsController action=show status=200 duration=69.91 view=23.81 db=7.02 host=greenlight 
INFO: [0dd478b2-6680-4a83-889f-7f0766ae2802] method=GET path=/b/len-k46-joh-alo format=html controller=RoomsController action=show status=200 duration=923.14 view=44.66 db=13.48 host=greenlight 
INFO: [5d73a7d9-594e-4743-94fc-1ccd349b3f4d] Support: lendle_tseng@seed.net.tw is starting room len-k46-joh-alo 
INFO: [5d73a7d9-594e-4743-94fc-1ccd349b3f4d] [ActiveJob] Enqueued NotifyUserWaitingJob (Job ID: dfed46c0-86d7-4aed-bacf-5e9568ab16a0) to Async(default) at 2020-12-07 04:27:37 UTC with arguments: #<GlobalID:0x000055933ca48b78 @uri=#<URI::GID gid://greenlight/Room/1>> 
INFO: [5d73a7d9-594e-4743-94fc-1ccd349b3f4d] method=POST path=/b/len-k46-joh-alo/start format=html controller=RoomsController action=start status=302 duration=990.93 view=0.00 db=21.81 location=https://bbb.imsofa.rocks/bigbluebutton/api/join host=greenlight 
INFO: [ActiveJob] [NotifyUserWaitingJob] [dfed46c0-86d7-4aed-bacf-5e9568ab16a0] Performing NotifyUserWaitingJob (Job ID: dfed46c0-86d7-4aed-bacf-5e9568ab16a0) from Async(default) with arguments: #<GlobalID:0x000055933c34a948 @uri=#<URI::GID gid://greenlight/Room/1>> 
INFO: [ActiveJob] [NotifyUserWaitingJob] [dfed46c0-86d7-4aed-bacf-5e9568ab16a0] Performed NotifyUserWaitingJob (Job ID: dfed46c0-86d7-4aed-bacf-5e9568ab16a0) from Async(default) in 2.54ms 
INFO: [06c0b62a-6a40-4675-a3ad-d7ed697ad64d] method=GET path=/b/ format=html controller=MainController action=index status=200 duration=50.21 view=27.25 db=8.05 host=greenlight 
INFO: [417dbbef-5dd8-4193-aaa9-a7576194b3c7] method=GET path=/b/signin format=html controller=SessionsController action=signin status=200 duration=48.41 view=29.59 db=2.61 host=greenlight 
INFO: [36ddd95d-4461-4723-b5d0-549519363a33] Support: lendle.tseng.archive@gmail.com is attempting to login. 
INFO: [36ddd95d-4461-4723-b5d0-549519363a33] method=POST path=/b/u/login format=html controller=SessionsController action=create status=302 duration=9.37 view=0.00 db=1.61 location=http://localhost:5000/b/signin host=greenlight 
INFO: [9af02885-190d-4880-add9-342dc7729de6] method=GET path=/b/signin format=html controller=SessionsController action=signin status=200 duration=22.63 view=16.54 db=0.83 host=greenlight 
INFO: [afbb0ead-f3ca-444f-8933-aee405a25ff6] method=GET path=/b/signin format=html controller=SessionsController action=signin status=200 duration=42.43 view=25.32 db=2.27 host=greenlight 
INFO: [92f2e4c4-7a66-4abe-b228-24e821f36f06] method=GET path=/b/signup format=html controller=SessionsController action=new status=200 duration=25.70 view=18.47 db=0.87 host=greenlight 
INFO: [325e5e52-1791-41f7-9ab4-21c97fb56d25] method=GET path=/b/signin format=html controller=SessionsController action=signin status=200 duration=28.05 view=21.28 db=0.84 host=greenlight 
INFO: [b681783d-6926-4042-b51e-821d204afef4] Support: lendle.tseng@gmail.com is attempting to login. 
INFO: [b681783d-6926-4042-b51e-821d204afef4] method=POST path=/b/u/login format=html controller=SessionsController action=create status=302 duration=21.91 view=0.00 db=3.66 location=http://localhost:5000/b/signin host=greenlight 
INFO: [968c8ae0-6d2d-4f6b-b243-b331c548fedc] method=GET path=/b/signin format=html controller=SessionsController action=signin status=200 duration=24.10 view=14.71 db=1.60 host=greenlight 
INFO: [a50d0a0e-b5a9-475b-a443-b3b227f7cca8] Support: lendle.tseng@gmail.com is attempting to login. 
INFO: [a50d0a0e-b5a9-475b-a443-b3b227f7cca8] method=POST path=/b/u/login format=html controller=SessionsController action=create status=302 duration=21.80 view=0.00 db=3.38 location=http://localhost:5000/b/signin host=greenlight 
INFO: [730cf323-3bdd-4882-8288-dea2c76e8e3d] method=GET path=/b/signin format=html controller=SessionsController action=signin status=200 duration=19.83 view=14.06 db=0.74 host=greenlight 
INFO: [cb0c95ff-dbad-4bad-a5a9-a35013d8121c] Support: lendle.tseng@gmail.com is attempting to login. 
INFO: [cb0c95ff-dbad-4bad-a5a9-a35013d8121c] method=POST path=/b/u/login format=html controller=SessionsController action=create status=302 duration=24.39 view=0.00 db=6.41 location=http://localhost:5000/b/signin host=greenlight 
INFO: [e564af2b-3f62-4020-81ae-fa2ed7916cf6] method=GET path=/b/signin format=html controller=SessionsController action=signin status=200 duration=26.50 view=19.03 db=0.82 host=greenlight 
INFO: [3ed0fbc4-f5ba-4b87-88e5-09f6406b1e2e] method=GET path=/b/signup format=html controller=SessionsController action=new status=200 duration=59.34 view=43.03 db=1.81 host=greenlight 
INFO: [6939aafb-ecfc-45bf-b092-d6a52036816a] Support: lendle.tseng@gmail.com user has been created. 
INFO: [6939aafb-ecfc-45bf-b092-d6a52036816a] Support: lendle.tseng@gmail.com has successfully logged in. 
INFO: [6939aafb-ecfc-45bf-b092-d6a52036816a] method=POST path=/b/signup format=html controller=UsersController action=create status=302 duration=387.35 view=0.00 db=42.17 location=http://localhost:5000/b/signin/ host=greenlight 
INFO: [3412c483-40b3-4d3b-97fa-a43dd1c65d50] method=GET path=/b/signin format=html controller=SessionsController action=signin status=302 duration=8.01 view=0.00 db=1.60 location=http://localhost:5000/b/len-on8-two-i77 host=greenlight 
INFO: [1de60345-e810-4c26-8e8f-11b590bd90af] method=GET path=/b/len-on8-two-i77 format=html controller=RoomsController action=show status=200 duration=1074.37 view=77.79 db=9.16 host=greenlight 
INFO: [c893ea60-2ff8-410b-86e4-e1b9fb8129a0] Support: lendle.tseng@gmail.com is starting room len-on8-two-i77 
INFO: [c893ea60-2ff8-410b-86e4-e1b9fb8129a0] [ActiveJob] Enqueued NotifyUserWaitingJob (Job ID: e4ef2c4c-7a08-4711-9efe-1298cad192a1) to Async(default) at 2020-12-08 03:01:53 UTC with arguments: #<GlobalID:0x000055933ccabcf8 @uri=#<URI::GID gid://greenlight/Room/2>> 
INFO: [c893ea60-2ff8-410b-86e4-e1b9fb8129a0] method=POST path=/b/len-on8-two-i77/start format=html controller=RoomsController action=start status=302 duration=1084.23 view=0.00 db=58.11 location=https://bbb.imsofa.rocks/bigbluebutton/api/join host=greenlight 
INFO: [ActiveJob] [NotifyUserWaitingJob] [e4ef2c4c-7a08-4711-9efe-1298cad192a1] Performing NotifyUserWaitingJob (Job ID: e4ef2c4c-7a08-4711-9efe-1298cad192a1) from Async(default) with arguments: #<GlobalID:0x000055933ccf2270 @uri=#<URI::GID gid://greenlight/Room/2>> 
INFO: [ActiveJob] [NotifyUserWaitingJob] [e4ef2c4c-7a08-4711-9efe-1298cad192a1] Performed NotifyUserWaitingJob (Job ID: e4ef2c4c-7a08-4711-9efe-1298cad192a1) from Async(default) in 0.33ms 
INFO: [0448827a-b67e-4790-ae20-3cb4b2ee03de] method=GET path=/b/ format=html controller=MainController action=index status=200 duration=146.62 view=100.45 db=12.61 host=greenlight 
INFO: [5c99387c-39c3-4189-a78c-d6a860dc2a77] method=GET path=/b/signin format=html controller=SessionsController action=signin status=200 duration=49.82 view=29.90 db=2.20 host=greenlight 
INFO: [714c5426-78d1-4e8a-88f1-13be3b8dd18c] Support: lendle.tseng@gmail.com is attempting to login. 
INFO: [714c5426-78d1-4e8a-88f1-13be3b8dd18c] Support: lendle.tseng@gmail.com has successfully logged in. 
INFO: [714c5426-78d1-4e8a-88f1-13be3b8dd18c] method=POST path=/b/u/login format=html controller=SessionsController action=create status=302 duration=338.60 view=0.00 db=13.08 location=http://localhost:5000/b/len-on8-two-i77 host=greenlight 
INFO: [f749f904-9850-4494-a286-130cbb69512b] method=GET path=/b/len-on8-two-i77 format=html controller=RoomsController action=show status=200 duration=735.37 view=41.16 db=16.80 host=greenlight 
